<?xml version="1.0" encoding="UTF-8"?>
<!-- Generated by org.testng.reporters.JUnitReportReporter -->
<testsuite hostname="Akshay" failures="0" tests="1" name="Demo.DemoPractice3Test" time="0.011" errors="0" timestamp="2022-03-14T16:20:07 IST" skipped="0">
  <testcase classname="Demo.DemoPractice3Test" name="demo3" time="0.011"/>
  <system-out/>
</testsuite> <!-- Demo.DemoPractice3Test -->
