<?xml version="1.0" encoding="UTF-8"?>
<!-- Generated by org.testng.reporters.JUnitReportReporter -->
<testsuite hostname="Akshay" failures="0" tests="1" name="Demo.DemoPractices2" time="0.007" errors="0" timestamp="2022-03-14T09:53:05 IST" skipped="0">
  <testcase classname="Demo.DemoPractices2" name="demo" time="0.007"/>
  <system-out/>
</testsuite> <!-- Demo.DemoPractices2 -->
