<?xml version="1.0" encoding="UTF-8"?>
<!-- Generated by org.testng.reporters.JUnitReportReporter -->
<testsuite hostname="Akshay" failures="0" tests="1" name="Demo.demopractices1" time="0.012" errors="0" timestamp="2022-03-10T15:19:47 IST" skipped="0">
  <testcase classname="Demo.demopractices1" name="demo" time="0.012"/>
  <system-out/>
</testsuite> <!-- Demo.demopractices1 -->
