<?xml version="1.0" encoding="UTF-8"?>
<!-- Generated by org.testng.reporters.JUnitReportReporter -->
<testsuite hostname="Akshay" failures="0" tests="1" name="Demo.DemoPractices2" time="0.008" errors="0" timestamp="2022-03-15T14:21:44 IST" skipped="0">
  <testcase classname="Demo.DemoPractices2" name="demo" time="0.008"/>
  <system-out/>
</testsuite> <!-- Demo.DemoPractices2 -->
