<?xml version="1.0" encoding="UTF-8"?>
<!-- Generated by org.testng.reporters.JUnitReportReporter -->
<testsuite hostname="Akshay" failures="0" tests="2" name="Demo.demopracticesTest" time="0.011" errors="0" timestamp="2022-03-15T14:22:03 IST" skipped="0">
  <testcase classname="Demo.demopracticesTest" name="demo1" time="0.001"/>
  <system-out/>
  <testcase classname="Demo.demopracticesTest" name="demo" time="0.010"/>
  <system-out/>
</testsuite> <!-- Demo.demopracticesTest -->
